<?xml version="1.0" encoding="UTF-8"?>
<!-- Generated by org.testng.reporters.JUnitReportReporter -->
<testsuite hostname="DSHYD-084" name="com.cloudfm.andriod.Tc_andriod_067" tests="1" failures="0" timestamp="22 Aug 2017 09:18:04 GMT" time="75.027" errors="0">
  <testcase name="TestValidation" time="75.027" classname="com.cloudfm.andriod.Tc_andriod_067"/>
</testsuite> <!-- com.cloudfm.andriod.Tc_andriod_067 -->
