<?xml version="1.0" encoding="UTF-8"?>
<!-- Generated by org.testng.reporters.JUnitReportReporter -->
<testsuite hostname="CB-89" name="Cloudfm.tests.TC_Cloudfm_004" tests="1" failures="0" timestamp="21 Feb 2017 07:42:59 GMT" time="79.179" errors="0">
  <testcase name="test_TC_Cloudfm_004" time="79.179" classname="Cloudfm.tests.TC_Cloudfm_004"/>
</testsuite> <!-- Cloudfm.tests.TC_Cloudfm_004 -->
