<?xml version="1.0" encoding="UTF-8"?>
<!-- Generated by org.testng.reporters.JUnitReportReporter -->
<testsuite hostname="DSHYD-086" name="com.cloudfm.andriod.Tc_andriod_085" tests="1" failures="0" timestamp="5 Jul 2017 06:40:16 GMT" time="102.408" errors="0">
  <testcase name="TestValidation" time="102.408" classname="com.cloudfm.andriod.Tc_andriod_085"/>
</testsuite> <!-- com.cloudfm.andriod.Tc_andriod_085 -->
