<?xml version="1.0" encoding="UTF-8"?>
<!-- Generated by org.testng.reporters.JUnitReportReporter -->
<testsuite hostname="DSHYD-086" name="com.flow.andriod.TC_Flowandriod_001" tests="1" failures="0" timestamp="25 Jul 2017 16:39:05 GMT" time="220.039" errors="0">
  <testcase name="TestValidation" time="220.039" classname="com.flow.andriod.TC_Flowandriod_001"/>
</testsuite> <!-- com.flow.andriod.TC_Flowandriod_001 -->
