<?xml version="1.0" encoding="UTF-8"?>
<!-- Generated by org.testng.reporters.JUnitReportReporter -->
<testsuite hostname="DSHYD-086" name="com.cloudfm.andriod.Tc_andriod_004" tests="1" failures="0" timestamp="19 May 2017 14:12:09 GMT" time="64.100" errors="0">
  <testcase name="TestValidation" time="64.100" classname="com.cloudfm.andriod.Tc_andriod_004"/>
</testsuite> <!-- com.cloudfm.andriod.Tc_andriod_004 -->
