<?xml version="1.0" encoding="UTF-8"?>
<!-- Generated by org.testng.reporters.JUnitReportReporter -->
<testsuite hostname="DSHYD-086" name="com.cloudfm.andriod.Tc_andriod_049" tests="1" failures="0" timestamp="3 Jul 2017 06:34:36 GMT" time="114.412" errors="0">
  <testcase name="TestValidation" time="114.412" classname="com.cloudfm.andriod.Tc_andriod_049"/>
</testsuite> <!-- com.cloudfm.andriod.Tc_andriod_049 -->
