<?xml version="1.0" encoding="UTF-8"?>
<!-- Generated by org.testng.reporters.JUnitReportReporter -->
<testsuite hostname="DSHYD-086" name="suite.runner.CustomSuiteRunner" tests="1" failures="0" timestamp="18 Jul 2017 12:40:58 GMT" time="0.481" errors="0">
  <testcase name="suiteRunner" time="0.481" classname="suite.runner.CustomSuiteRunner"/>
</testsuite> <!-- suite.runner.CustomSuiteRunner -->
