<?xml version="1.0" encoding="UTF-8"?>
<!-- Generated by org.testng.reporters.JUnitReportReporter -->
<testsuite hostname="DSHYD-084" name="com.cloudfm.andriod.Tc_andriod_012_VerifyHomePageElemnts" tests="1" failures="0" timestamp="20 Sep 2017 09:16:56 GMT" time="76.007" errors="0">
  <testcase name="TestValidation" time="76.007" classname="com.cloudfm.andriod.Tc_andriod_012_VerifyHomePageElemnts"/>
</testsuite> <!-- com.cloudfm.andriod.Tc_andriod_012_VerifyHomePageElemnts -->
