<?xml version="1.0" encoding="UTF-8"?>
<!-- Generated by org.testng.reporters.JUnitReportReporter -->
<testsuite hostname="DSHYD-084" name="com.cloudfm.andriod.Tc_andriod_129_verifyQuotedTaskScreen" tests="1" failures="0" timestamp="20 Sep 2017 09:16:55 GMT" time="138.172" errors="0">
  <testcase name="TestValidation" time="138.172" classname="com.cloudfm.andriod.Tc_andriod_129_verifyQuotedTaskScreen"/>
</testsuite> <!-- com.cloudfm.andriod.Tc_andriod_129_verifyQuotedTaskScreen -->
