<?xml version="1.0" encoding="UTF-8"?>
<!-- Generated by org.testng.reporters.JUnitReportReporter -->
<testsuite hostname="DSHYD-086" name="com.cloudfm.andriod.Tc_andriod_044" tests="1" failures="0" timestamp="3 Jul 2017 05:46:16 GMT" time="106.769" errors="0">
  <testcase name="TestValidation" time="106.769" classname="com.cloudfm.andriod.Tc_andriod_044"/>
</testsuite> <!-- com.cloudfm.andriod.Tc_andriod_044 -->
