<?xml version="1.0" encoding="UTF-8"?>
<!-- Generated by org.testng.reporters.JUnitReportReporter -->
<testsuite hostname="DSHYD-086" name="com.cloudfm.andriod.Tc_andriod_001" tests="1" failures="0" timestamp="18 May 2017 07:36:37 GMT" time="33.892" errors="0">
  <testcase name="TestValidation" time="33.892" classname="com.cloudfm.andriod.Tc_andriod_001"/>
</testsuite> <!-- com.cloudfm.andriod.Tc_andriod_001 -->
