<?xml version="1.0" encoding="UTF-8"?>
<!-- Generated by org.testng.reporters.JUnitReportReporter -->
<testsuite hostname="DSHYD-086" name="com.cloudfm.android.tests.TC_android_cloudfm_001" tests="1" failures="0" timestamp="4 May 2017 09:28:06 GMT" time="25.649" errors="1">
  <testcase name="test_TC_Cloudfm_001" time="25.649" classname="com.cloudfm.android.tests.TC_android_cloudfm_001">
    <error type="org.openqa.selenium.NoSuchElementException" message="no such element: Unable to locate element: {&quot;method&quot;:&quot;xpath&quot;,&quot;selector&quot;:&quot;//div[contains(@class,&#039;btnChangeClient&#039;)][contains(.,&#039;Clients&#039;)]&quot;}
  (Session info: chrome=58.0.3029.83)
  (Driver info: chromedriver=2.28.455520 (cc17746adff54984afff480136733114c6b3704b),platform=Windows NT 6.1.7601 SP1 x86_64) (WARNING: The server did not provide any stacktrace information)
Command duration or timeout: 343 milliseconds
For documentation on this error, please visit: http://seleniumhq.org/exceptions/no_such_element.html
Build info: version: &#039;3.0.0&#039;, revision: &#039;350cf60&#039;, time: &#039;2016-10-13 10:48:57 -0700&#039;
System info: host: &#039;DSHYD-086&#039;, ip: &#039;192.168.30.138&#039;, os.name: &#039;Windows 7&#039;, os.arch: &#039;amd64&#039;, os.version: &#039;6.1&#039;, java.version: &#039;1.8.0_121&#039;
Driver info: io.appium.java_client.android.AndroidDriver
Capabilities [{appPackage=com.cloudfmgroup.cloudFMApp, deviceName=4200088eca576300, platform=LINUX, deviceUDID=4200088eca576300, desired={app=E:\Lavanya\Cloudfm\Cloudfm\src\main\resources\App_APK\Cloudfm.apk, newCommandTimeout=300, platformVersion=6.0.1, automationName=Appium, browserName=, platformName=Android, udid=4200088eca576300, deviceName=Galaxy J2(2016)}, newCommandTimeout=300, platformVersion=6.0.1, webStorageEnabled=false, automationName=Appium, takesScreenshot=true, browserName=, javascriptEnabled=true, platformName=Android, udid=4200088eca576300, deviceManufacturer=samsung, app=E:\Lavanya\Cloudfm\Cloudfm\src\main\resources\App_APK\Cloudfm.apk, deviceScreenSize=720x1280, networkConnectionEnabled=true, warnings={}, appWaitPackage=com.cloudfmgroup.cloudFMApp, appWaitActivity=com.cloudfmgroup.cloudFMApp.MainActivity, databaseEnabled=false, appActivity=com.cloudfmgroup.cloudFMApp.MainActivity, locationContextEnabled=false, deviceModel=SM-J210F}]
Session ID: 3e3805eb-7c08-4e42-9524-c36cab625d6c
*** Element info: {Using=xpath, value=//div[contains(@class,&#039;btnChangeClient&#039;)][contains(.,&#039;Clients&#039;)]}">
      <![CDATA[org.openqa.selenium.NoSuchElementException: no such element: Unable to locate element: {"method":"xpath","selector":"//div[contains(@class,'btnChangeClient')][contains(.,'Clients')]"}
  (Session info: chrome=58.0.3029.83)
  (Driver info: chromedriver=2.28.455520 (cc17746adff54984afff480136733114c6b3704b),platform=Windows NT 6.1.7601 SP1 x86_64) (WARNING: The server did not provide any stacktrace information)
Command duration or timeout: 343 milliseconds
For documentation on this error, please visit: http://seleniumhq.org/exceptions/no_such_element.html
Build info: version: '3.0.0', revision: '350cf60', time: '2016-10-13 10:48:57 -0700'
System info: host: 'DSHYD-086', ip: '192.168.30.138', os.name: 'Windows 7', os.arch: 'amd64', os.version: '6.1', java.version: '1.8.0_121'
Driver info: io.appium.java_client.android.AndroidDriver
Capabilities [{appPackage=com.cloudfmgroup.cloudFMApp, deviceName=4200088eca576300, platform=LINUX, deviceUDID=4200088eca576300, desired={app=E:\Lavanya\Cloudfm\Cloudfm\src\main\resources\App_APK\Cloudfm.apk, newCommandTimeout=300, platformVersion=6.0.1, automationName=Appium, browserName=, platformName=Android, udid=4200088eca576300, deviceName=Galaxy J2(2016)}, newCommandTimeout=300, platformVersion=6.0.1, webStorageEnabled=false, automationName=Appium, takesScreenshot=true, browserName=, javascriptEnabled=true, platformName=Android, udid=4200088eca576300, deviceManufacturer=samsung, app=E:\Lavanya\Cloudfm\Cloudfm\src\main\resources\App_APK\Cloudfm.apk, deviceScreenSize=720x1280, networkConnectionEnabled=true, warnings={}, appWaitPackage=com.cloudfmgroup.cloudFMApp, appWaitActivity=com.cloudfmgroup.cloudFMApp.MainActivity, databaseEnabled=false, appActivity=com.cloudfmgroup.cloudFMApp.MainActivity, locationContextEnabled=false, deviceModel=SM-J210F}]
Session ID: 3e3805eb-7c08-4e42-9524-c36cab625d6c
*** Element info: {Using=xpath, value=//div[contains(@class,'btnChangeClient')][contains(.,'Clients')]}
	at sun.reflect.NativeConstructorAccessorImpl.newInstance0(Native Method)
	at sun.reflect.NativeConstructorAccessorImpl.newInstance(Unknown Source)
	at sun.reflect.DelegatingConstructorAccessorImpl.newInstance(Unknown Source)
	at java.lang.reflect.Constructor.newInstance(Unknown Source)
	at org.openqa.selenium.remote.ErrorHandler.createThrowable(ErrorHandler.java:216)
	at org.openqa.selenium.remote.ErrorHandler.throwIfResponseFailed(ErrorHandler.java:168)
	at org.openqa.selenium.remote.RemoteWebDriver.execute(RemoteWebDriver.java:635)
	at io.appium.java_client.DefaultGenericMobileDriver.execute(DefaultGenericMobileDriver.java:42)
	at io.appium.java_client.AppiumDriver.execute(AppiumDriver.java:1)
	at io.appium.java_client.android.AndroidDriver.execute(AndroidDriver.java:1)
	at org.openqa.selenium.remote.RemoteWebDriver.findElement(RemoteWebDriver.java:368)
	at io.appium.java_client.DefaultGenericMobileDriver.findElement(DefaultGenericMobileDriver.java:62)
	at io.appium.java_client.AppiumDriver.findElement(AppiumDriver.java:1)
	at io.appium.java_client.android.AndroidDriver.findElement(AndroidDriver.java:1)
	at org.openqa.selenium.remote.RemoteWebDriver.findElementByXPath(RemoteWebDriver.java:473)
	at io.appium.java_client.DefaultGenericMobileDriver.findElementByXPath(DefaultGenericMobileDriver.java:140)
	at io.appium.java_client.AppiumDriver.findElementByXPath(AppiumDriver.java:1)
	at io.appium.java_client.android.AndroidDriver.findElementByXPath(AndroidDriver.java:1)
	at org.openqa.selenium.By$ByXPath.findElement(By.java:361)
	at org.openqa.selenium.remote.RemoteWebDriver.findElement(RemoteWebDriver.java:360)
	at io.appium.java_client.DefaultGenericMobileDriver.findElement(DefaultGenericMobileDriver.java:58)
	at io.appium.java_client.AppiumDriver.findElement(AppiumDriver.java:1)
	at io.appium.java_client.android.AndroidDriver.findElement(AndroidDriver.java:1)
	at Utilities.KeywordUtil.click(KeywordUtil.java:179)
	at Utilities.AndroidApplicationFunctions.downloadClientCodes(AndroidApplicationFunctions.java:56)
	at com.cloudfm.android.tests.TC_android_cloudfm_001.test_TC_Cloudfm_001(TC_android_cloudfm_001.java:103)
	at sun.reflect.NativeMethodAccessorImpl.invoke0(Native Method)
	at sun.reflect.NativeMethodAccessorImpl.invoke(Unknown Source)
	at sun.reflect.DelegatingMethodAccessorImpl.invoke(Unknown Source)
	at java.lang.reflect.Method.invoke(Unknown Source)
	at org.testng.internal.MethodInvocationHelper.invokeMethod(MethodInvocationHelper.java:86)
	at org.testng.internal.Invoker.invokeMethod(Invoker.java:643)
	at org.testng.internal.Invoker.invokeTestMethod(Invoker.java:820)
	at org.testng.internal.Invoker.invokeTestMethods(Invoker.java:1128)
	at org.testng.internal.TestMethodWorker.invokeTestMethods(TestMethodWorker.java:129)
	at org.testng.internal.TestMethodWorker.run(TestMethodWorker.java:112)
	at org.testng.TestRunner.privateRun(TestRunner.java:782)
	at org.testng.TestRunner.run(TestRunner.java:632)
	at org.testng.SuiteRunner.runTest(SuiteRunner.java:366)
	at org.testng.SuiteRunner.runSequentially(SuiteRunner.java:361)
	at org.testng.SuiteRunner.privateRun(SuiteRunner.java:319)
	at org.testng.SuiteRunner.run(SuiteRunner.java:268)
	at org.testng.SuiteRunnerWorker.runSuite(SuiteRunnerWorker.java:52)
	at org.testng.SuiteRunnerWorker.run(SuiteRunnerWorker.java:86)
	at org.testng.TestNG.runSuitesSequentially(TestNG.java:1244)
	at org.testng.TestNG.runSuitesLocally(TestNG.java:1169)
	at org.testng.TestNG.run(TestNG.java:1064)
	at org.testng.remote.AbstractRemoteTestNG.run(AbstractRemoteTestNG.java:132)
	at org.testng.remote.RemoteTestNG.initAndRun(RemoteTestNG.java:230)
	at org.testng.remote.RemoteTestNG.main(RemoteTestNG.java:76)
]]>
    </error>
  </testcase> <!-- test_TC_Cloudfm_001 -->
</testsuite> <!-- com.cloudfm.android.tests.TC_android_cloudfm_001 -->
