<?xml version="1.0" encoding="UTF-8"?>
<!-- Generated by org.testng.reporters.JUnitReportReporter -->
<testsuite hostname="DSHYD-084" name="com.cloudfm.andriod.Tc_andriod_069_VerifyAppVersion" tests="1" failures="0" timestamp="20 Sep 2017 09:16:56 GMT" time="79.061" errors="0">
  <testcase name="TestValidation" time="79.061" classname="com.cloudfm.andriod.Tc_andriod_069_VerifyAppVersion"/>
</testsuite> <!-- com.cloudfm.andriod.Tc_andriod_069_VerifyAppVersion -->
