<?xml version="1.0" encoding="UTF-8"?>
<!-- Generated by org.testng.reporters.JUnitReportReporter -->
<testsuite hostname="DSHYD-086" name="com.cloudfm.andriod.Tc_andriod_002" tests="1" failures="0" timestamp="7 Jul 2017 10:00:11 GMT" time="46.209" errors="0">
  <testcase name="TestValidation" time="46.209" classname="com.cloudfm.andriod.Tc_andriod_002"/>
</testsuite> <!-- com.cloudfm.andriod.Tc_andriod_002 -->
