<?xml version="1.0" encoding="UTF-8"?>
<!-- Generated by org.testng.reporters.JUnitReportReporter -->
<testsuite hostname="DSHYD-086" name="suite.runner.CustomSuiteRunner" tests="1" failures="0" timestamp="31 Jul 2017 10:04:37 GMT" time="54.630" errors="0">
  <testcase name="suiteRunner" time="54.630" classname="suite.runner.CustomSuiteRunner"/>
</testsuite> <!-- suite.runner.CustomSuiteRunner -->
