<?xml version="1.0" encoding="UTF-8"?>
<!-- Generated by org.testng.reporters.JUnitReportReporter -->
<testsuite hostname="mac-machine.local" name="com.cloudfm.ios.tests.TC_ios_cloudfm_003" tests="1" failures="0" timestamp="27 Feb 2017 14:10:16 GMT" time="535.754" errors="0">
  <testcase name="test_TC_Cloudfm_003" time="535.754" classname="com.cloudfm.ios.tests.TC_ios_cloudfm_003"/>
</testsuite> <!-- com.cloudfm.ios.tests.TC_ios_cloudfm_003 -->
