<?xml version="1.0" encoding="UTF-8"?>
<!-- Generated by org.testng.reporters.JUnitReportReporter -->
<testsuite hostname="DSHYD-086" name="com.cloudfm.andriod.Tc_andriod_062" tests="1" failures="0" timestamp="3 Jul 2017 10:47:24 GMT" time="100.929" errors="0">
  <testcase name="TestValidation" time="100.929" classname="com.cloudfm.andriod.Tc_andriod_062"/>
</testsuite> <!-- com.cloudfm.andriod.Tc_andriod_062 -->
