<?xml version="1.0" encoding="UTF-8"?>
<!-- Generated by org.testng.reporters.JUnitReportReporter -->
<testsuite hostname="mac-machine.local" name="com.cloudfm.ios.tests.TC_ios_cloudfm_005" tests="1" failures="0" timestamp="6 Apr 2017 03:58:28 GMT" time="349.568" errors="0">
  <testcase name="test_TC_Cloudfm_005" time="349.568" classname="com.cloudfm.ios.tests.TC_ios_cloudfm_005"/>
</testsuite> <!-- com.cloudfm.ios.tests.TC_ios_cloudfm_005 -->
