<?xml version="1.0" encoding="UTF-8"?>
<!-- Generated by org.testng.reporters.JUnitReportReporter -->
<testsuite hostname="DSHYD-084" name="com.cloudfm.andriod.Tc_andriod_095" tests="1" failures="0" timestamp="22 Aug 2017 10:09:41 GMT" time="99.887" errors="0">
  <testcase name="TestValidation" time="99.887" classname="com.cloudfm.andriod.Tc_andriod_095"/>
</testsuite> <!-- com.cloudfm.andriod.Tc_andriod_095 -->
