<?xml version="1.0" encoding="UTF-8"?>
<!-- Generated by org.testng.reporters.JUnitReportReporter -->
<testsuite hostname="DSHYD-086" name="com.cloudfm.andriod.Tc_andriod_226" tests="1" failures="0" timestamp="29 Jun 2017 08:40:23 GMT" time="101.940" errors="0">
  <testcase name="TestValidation" time="101.940" classname="com.cloudfm.andriod.Tc_andriod_226"/>
</testsuite> <!-- com.cloudfm.andriod.Tc_andriod_226 -->
