<?xml version="1.0" encoding="UTF-8"?>
<!-- Generated by org.testng.reporters.JUnitReportReporter -->
<testsuite hostname="DSHYD-084" name="com.cloudfm.andriod.Tc_andriod_034_SendLogButton_SettingsPage" tests="1" failures="0" timestamp="20 Sep 2017 09:22:59 GMT" time="87.371" errors="0">
  <testcase name="TestValidation" time="87.371" classname="com.cloudfm.andriod.Tc_andriod_034_SendLogButton_SettingsPage"/>
</testsuite> <!-- com.cloudfm.andriod.Tc_andriod_034_SendLogButton_SettingsPage -->
