<?xml version="1.0" encoding="UTF-8"?>
<!-- Generated by org.testng.reporters.JUnitReportReporter -->
<testsuite hostname="mac-machine.local" name="com.cloudfm.ios.tests.TC_ios_cloudfm_002" tests="1" failures="0" timestamp="28 Feb 2017 15:44:59 GMT" time="514.690" errors="0">
  <testcase name="test_TC_Cloudfm_002" time="514.690" classname="com.cloudfm.ios.tests.TC_ios_cloudfm_002"/>
</testsuite> <!-- com.cloudfm.ios.tests.TC_ios_cloudfm_002 -->
