<?xml version="1.0" encoding="UTF-8"?>
<!-- Generated by org.testng.reporters.JUnitReportReporter -->
<testsuite hostname="DSHYD-084" name="com.cloudfm.andriod.Tc_andriod_223" tests="1" failures="0" timestamp="22 Aug 2017 09:18:03 GMT" time="104.650" errors="0">
  <testcase name="TestValidation" time="104.650" classname="com.cloudfm.andriod.Tc_andriod_223"/>
</testsuite> <!-- com.cloudfm.andriod.Tc_andriod_223 -->
