<?xml version="1.0" encoding="UTF-8"?>
<!-- Generated by org.testng.reporters.JUnitReportReporter -->
<testsuite hostname="DSHYD-086" name="com.cloudfm.andriod.Tc_andriod_098" tests="1" failures="0" timestamp="6 Jul 2017 04:57:54 GMT" time="160.209" errors="0">
  <testcase name="TestValidation" time="160.209" classname="com.cloudfm.andriod.Tc_andriod_098"/>
</testsuite> <!-- com.cloudfm.andriod.Tc_andriod_098 -->
