<?xml version="1.0" encoding="UTF-8"?>
<!-- Generated by org.testng.reporters.JUnitReportReporter -->
<testsuite hostname="DSHYD-086" name="com.cloudfm.andriod.Tc_andriod_224" tests="1" failures="0" timestamp="29 Jun 2017 08:36:55 GMT" time="104.543" errors="0">
  <testcase name="TestValidation" time="104.543" classname="com.cloudfm.andriod.Tc_andriod_224"/>
</testsuite> <!-- com.cloudfm.andriod.Tc_andriod_224 -->
