<?xml version="1.0" encoding="UTF-8"?>
<!-- Generated by org.testng.reporters.JUnitReportReporter -->
<testsuite hostname="DSHYD-086" name="com.cloudfm.andriod.Tc_andriod_058" tests="1" failures="0" timestamp="3 Jul 2017 05:46:16 GMT" time="115.876" errors="0">
  <testcase name="TestValidation" time="115.876" classname="com.cloudfm.andriod.Tc_andriod_058"/>
</testsuite> <!-- com.cloudfm.andriod.Tc_andriod_058 -->
