<?xml version="1.0" encoding="UTF-8"?>
<!-- Generated by org.testng.reporters.JUnitReportReporter -->
<testsuite hostname="DSHYD-086" name="com.cloudfm.andriod.Tc_andriod_071" tests="1" failures="0" timestamp="3 Jul 2017 11:19:58 GMT" time="83.557" errors="0">
  <testcase name="TestValidation" time="83.557" classname="com.cloudfm.andriod.Tc_andriod_071"/>
</testsuite> <!-- com.cloudfm.andriod.Tc_andriod_071 -->
