<?xml version="1.0" encoding="UTF-8"?>
<!-- Generated by org.testng.reporters.JUnitReportReporter -->
<testsuite hostname="DSHYD-086" name="com.cloudfm.andriod.Tc_andriod_227" tests="1" failures="0" timestamp="29 Jun 2017 08:50:25 GMT" time="115.779" errors="0">
  <testcase name="TestValidation" time="115.779" classname="com.cloudfm.andriod.Tc_andriod_227"/>
</testsuite> <!-- com.cloudfm.andriod.Tc_andriod_227 -->
