<?xml version="1.0" encoding="UTF-8"?>
<!-- Generated by org.testng.reporters.JUnitReportReporter -->
<testsuite hostname="CB-89" name="Cloudfm.tests.TC_Cloudfm_005" tests="1" failures="0" timestamp="20 Feb 2017 11:58:26 GMT" time="185.995" errors="0">
  <testcase name="test_TC_Cloudfm_001" time="185.995" classname="Cloudfm.tests.TC_Cloudfm_005"/>
</testsuite> <!-- Cloudfm.tests.TC_Cloudfm_005 -->
