<?xml version="1.0" encoding="UTF-8"?>
<!-- Generated by org.testng.reporters.JUnitReportReporter -->
<testsuite hostname="DSHYD-086" name="com.cloudfm.andriod.Tc_andriod_061" tests="1" failures="0" timestamp="29 Jun 2017 08:32:08 GMT" time="125.260" errors="0">
  <testcase name="TestValidation" time="125.260" classname="com.cloudfm.andriod.Tc_andriod_061"/>
</testsuite> <!-- com.cloudfm.andriod.Tc_andriod_061 -->
