<?xml version="1.0" encoding="UTF-8"?>
<!-- Generated by org.testng.reporters.JUnitReportReporter -->
<testsuite hostname="CB-89" name="com.cloudfm.android.tests.TC_android_cloudfm_004" tests="1" failures="0" timestamp="24 Feb 2017 07:35:51 GMT" time="113.915" errors="0">
  <testcase name="test_TC_Cloudfm_004" time="113.915" classname="com.cloudfm.android.tests.TC_android_cloudfm_004"/>
</testsuite> <!-- com.cloudfm.android.tests.TC_android_cloudfm_004 -->
