<?xml version="1.0" encoding="UTF-8"?>
<!-- Generated by org.testng.reporters.JUnitReportReporter -->
<testsuite hostname="DSHYD-084" name="com.cloudfm.andriod.Tc_andriod_054_MyAgendaPageElements" tests="1" failures="0" timestamp="20 Sep 2017 09:16:56 GMT" time="88.861" errors="0">
  <testcase name="TestValidation" time="88.861" classname="com.cloudfm.andriod.Tc_andriod_054_MyAgendaPageElements"/>
</testsuite> <!-- com.cloudfm.andriod.Tc_andriod_054_MyAgendaPageElements -->
