<?xml version="1.0" encoding="UTF-8"?>
<!-- Generated by org.testng.reporters.JUnitReportReporter -->
<testsuite hostname="DSHYD-084" name="com.flow.andriod.TC_Flowandriod_001" tests="1" failures="0" timestamp="26 Sep 2017 09:46:58 GMT" time="228.041" errors="0">
  <testcase name="TestValidation" time="228.041" classname="com.flow.andriod.TC_Flowandriod_001"/>
</testsuite> <!-- com.flow.andriod.TC_Flowandriod_001 -->
