<?xml version="1.0" encoding="UTF-8"?>
<!-- Generated by org.testng.reporters.JUnitReportReporter -->
<testsuite hostname="DSHYD-086" name="com.cloudfm.andriod.Tc_andriod_223" tests="1" failures="0" timestamp="29 Jun 2017 08:34:44 GMT" time="116.562" errors="0">
  <testcase name="TestValidation" time="116.562" classname="com.cloudfm.andriod.Tc_andriod_223"/>
</testsuite> <!-- com.cloudfm.andriod.Tc_andriod_223 -->
