<?xml version="1.0" encoding="UTF-8"?>
<!-- Generated by org.testng.reporters.JUnitReportReporter -->
<testsuite hostname="DSHYD-084" name="com.cloudfm.andriod.Tc_andriod_028_VerifyClientButon_hmeSceen" tests="1" failures="0" timestamp="20 Sep 2017 09:16:56 GMT" time="79.622" errors="0">
  <testcase name="TestValidation" time="79.622" classname="com.cloudfm.andriod.Tc_andriod_028_VerifyClientButon_hmeSceen"/>
</testsuite> <!-- com.cloudfm.andriod.Tc_andriod_028_VerifyClientButon_hmeSceen -->
