<?xml version="1.0" encoding="UTF-8"?>
<!-- Generated by org.testng.reporters.JUnitReportReporter -->
<testsuite hostname="DSHYD-084" name="com.cloudfm.andriod.Tc_andriod_065_EmailSiteReportLink_PastScreen" tests="1" failures="0" timestamp="21 Sep 2017 12:04:46 GMT" time="325.976" errors="0">
  <testcase name="TestValidation" time="325.976" classname="com.cloudfm.andriod.Tc_andriod_065_EmailSiteReportLink_PastScreen"/>
</testsuite> <!-- com.cloudfm.andriod.Tc_andriod_065_EmailSiteReportLink_PastScreen -->
