<?xml version="1.0" encoding="UTF-8"?>
<!-- Generated by org.testng.reporters.JUnitReportReporter -->
<testsuite hostname="DSHYD-086" name="com.cloudfm.andriod.Tc_andriod_046" tests="1" failures="0" timestamp="3 Jul 2017 05:46:18 GMT" time="119.938" errors="0">
  <testcase name="TestValidation" time="119.938" classname="com.cloudfm.andriod.Tc_andriod_046"/>
</testsuite> <!-- com.cloudfm.andriod.Tc_andriod_046 -->
