<?xml version="1.0" encoding="UTF-8"?>
<!-- Generated by org.testng.reporters.JUnitReportReporter -->
<testsuite hostname="CB-89" name="Cloudfm.tests.TC_Cloudfm_002" tests="1" failures="0" timestamp="21 Feb 2017 07:35:28 GMT" time="101.759" errors="0">
  <testcase name="test_TC_Cloudfm_002" time="101.759" classname="Cloudfm.tests.TC_Cloudfm_002"/>
</testsuite> <!-- Cloudfm.tests.TC_Cloudfm_002 -->
