<?xml version="1.0" encoding="UTF-8"?>
<!-- Generated by org.testng.reporters.JUnitReportReporter -->
<testsuite hostname="DSHYD-084" name="com.cloudfm.andriod.Tc_andriod_093" tests="1" failures="0" timestamp="22 Aug 2017 10:09:41 GMT" time="99.363" errors="0">
  <testcase name="TestValidation" time="99.363" classname="com.cloudfm.andriod.Tc_andriod_093"/>
</testsuite> <!-- com.cloudfm.andriod.Tc_andriod_093 -->
