<?xml version="1.0" encoding="UTF-8"?>
<!-- Generated by org.testng.reporters.JUnitReportReporter -->
<testsuite hostname="mac-machine.local" name="com.cloudfm.ios.tests.TC_ios_cloudfm_004" tests="1" failures="0" timestamp="28 Feb 2017 15:34:14 GMT" time="523.586" errors="0">
  <testcase name="test_TC_Cloudfm_004" time="523.586" classname="com.cloudfm.ios.tests.TC_ios_cloudfm_004"/>
</testsuite> <!-- com.cloudfm.ios.tests.TC_ios_cloudfm_004 -->
