<?xml version="1.0" encoding="UTF-8"?>
<!-- Generated by org.testng.reporters.JUnitReportReporter -->
<testsuite hostname="CB-89" name="Cloudfm.tests.TC_Cloudfm_001" tests="1" failures="0" timestamp="21 Feb 2017 11:24:16 GMT" time="107.863" errors="0">
  <testcase name="test_TC_Cloudfm_001" time="107.863" classname="Cloudfm.tests.TC_Cloudfm_001"/>
</testsuite> <!-- Cloudfm.tests.TC_Cloudfm_001 -->
