<?xml version="1.0" encoding="UTF-8"?>
<!-- Generated by org.testng.reporters.JUnitReportReporter -->
<testsuite hostname="DSHYD-086" name="com.cloudfm.andriod.Tc_andriod_057" tests="1" failures="0" timestamp="3 Jul 2017 05:46:18 GMT" time="113.354" errors="0">
  <testcase name="TestValidation" time="113.354" classname="com.cloudfm.andriod.Tc_andriod_057"/>
</testsuite> <!-- com.cloudfm.andriod.Tc_andriod_057 -->
