<?xml version="1.0" encoding="UTF-8"?>
<!-- Generated by org.testng.reporters.JUnitReportReporter -->
<testsuite hostname="DSHYD-086" name="com.flow.andriod.TC_Flowandriod_003" tests="1" failures="0" timestamp="25 Jul 2017 16:39:05 GMT" time="96.857" errors="0">
  <testcase name="TestValidation" time="96.857" classname="com.flow.andriod.TC_Flowandriod_003"/>
</testsuite> <!-- com.flow.andriod.TC_Flowandriod_003 -->
