<?xml version="1.0" encoding="UTF-8"?>
<!-- Generated by org.testng.reporters.JUnitReportReporter -->
<testsuite hostname="DSHYD-086" name="com.flow.andriod.Tc_andriod_002" tests="1" failures="0" timestamp="13 Jul 2017 10:23:04 GMT" time="45.876" errors="0">
  <testcase name="TestValidation" time="45.876" classname="com.flow.andriod.Tc_andriod_002"/>
</testsuite> <!-- com.flow.andriod.Tc_andriod_002 -->
