<?xml version="1.0" encoding="UTF-8"?>
<!-- Generated by org.testng.reporters.JUnitReportReporter -->
<testsuite hostname="DSHYD-086" name="com.cloudfm.andriod.Tc_andriod_010" tests="1" failures="0" timestamp="3 Jul 2017 05:46:15 GMT" time="79.451" errors="0">
  <testcase name="TestValidation" time="79.451" classname="com.cloudfm.andriod.Tc_andriod_010"/>
</testsuite> <!-- com.cloudfm.andriod.Tc_andriod_010 -->
