<?xml version="1.0" encoding="UTF-8"?>
<!-- Generated by org.testng.reporters.JUnitReportReporter -->
<testsuite hostname="DSHYD-086" name="com.cloudfm.andriod.Tc_andriod_035" tests="1" failures="0" timestamp="3 Jul 2017 05:46:17 GMT" time="97.628" errors="0">
  <testcase name="TestValidation" time="97.628" classname="com.cloudfm.andriod.Tc_andriod_035"/>
</testsuite> <!-- com.cloudfm.andriod.Tc_andriod_035 -->
