<?xml version="1.0" encoding="UTF-8"?>
<!-- Generated by org.testng.reporters.JUnitReportReporter -->
<testsuite hostname="DSHYD-084" name="com.cloudfm.andriod.Tc_andriod_007_incorectMobilenumMsg_unregistered" tests="1" failures="0" timestamp="20 Sep 2017 09:16:56 GMT" time="46.062" errors="0">
  <testcase name="TestValidation" time="46.062" classname="com.cloudfm.andriod.Tc_andriod_007_incorectMobilenumMsg_unregistered"/>
</testsuite> <!-- com.cloudfm.andriod.Tc_andriod_007_incorectMobilenumMsg_unregistered -->
