<?xml version="1.0" encoding="UTF-8"?>
<!-- Generated by org.testng.reporters.JUnitReportReporter -->
<testsuite hostname="CB-89" name="Cloudfm.tests.TC_Cloudfm_003" tests="1" failures="0" timestamp="21 Feb 2017 07:39:57 GMT" time="89.674" errors="0">
  <testcase name="test_TC_Cloudfm_003" time="89.674" classname="Cloudfm.tests.TC_Cloudfm_003"/>
</testsuite> <!-- Cloudfm.tests.TC_Cloudfm_003 -->
