<?xml version="1.0" encoding="UTF-8"?>
<!-- Generated by org.testng.reporters.JUnitReportReporter -->
<testsuite hostname="DSHYD-084" name="com.cloudfm.andriod.Tc_andriod_138_verifyExitButton" tests="1" failures="0" timestamp="20 Sep 2017 09:16:56 GMT" time="220.956" errors="0">
  <testcase name="TestValidation" time="220.956" classname="com.cloudfm.andriod.Tc_andriod_138_verifyExitButton"/>
</testsuite> <!-- com.cloudfm.andriod.Tc_andriod_138_verifyExitButton -->
