<?xml version="1.0" encoding="UTF-8"?>
<!-- Generated by org.testng.reporters.JUnitReportReporter -->
<testsuite hostname="DSHYD-086" name="com.cloudfm.andriod.Tc_andriod_087" tests="1" failures="0" timestamp="5 Jul 2017 06:46:03 GMT" time="112.155" errors="0">
  <testcase name="TestValidation" time="112.155" classname="com.cloudfm.andriod.Tc_andriod_087"/>
</testsuite> <!-- com.cloudfm.andriod.Tc_andriod_087 -->
