<?xml version="1.0" encoding="UTF-8"?>
<!-- Generated by org.testng.reporters.JUnitReportReporter -->
<testsuite hostname="DSHYD-084" name="com.cloudfm.andriod.Tc_andriod_049" tests="1" failures="0" timestamp="22 Aug 2017 09:18:04 GMT" time="70.253" errors="0">
  <testcase name="TestValidation" time="70.253" classname="com.cloudfm.andriod.Tc_andriod_049"/>
</testsuite> <!-- com.cloudfm.andriod.Tc_andriod_049 -->
