<?xml version="1.0" encoding="UTF-8"?>
<!-- Generated by org.testng.reporters.JUnitReportReporter -->
<testsuite hostname="DSHYD-084" name="com.cloudfm.andriod.Tc_andriod_070_toprightAppVersion" tests="1" failures="0" timestamp="20 Sep 2017 09:16:55 GMT" time="79.848" errors="0">
  <testcase name="TestValidation" time="79.848" classname="com.cloudfm.andriod.Tc_andriod_070_toprightAppVersion"/>
</testsuite> <!-- com.cloudfm.andriod.Tc_andriod_070_toprightAppVersion -->
