<?xml version="1.0" encoding="UTF-8"?>
<!-- Generated by org.testng.reporters.JUnitReportReporter -->
<testsuite hostname="DSHYD-086" name="com.cloudfm.andriod.Tc_andriod_047" tests="1" failures="0" timestamp="3 Jul 2017 06:32:03 GMT" time="147.390" errors="0">
  <testcase name="TestValidation" time="147.390" classname="com.cloudfm.andriod.Tc_andriod_047"/>
</testsuite> <!-- com.cloudfm.andriod.Tc_andriod_047 -->
